I'll read the iterative-builder protocol and segment brief, then execute the segment.
--- tool: ToolSearch ---
--- tool: Read ---
--- tool: Read ---
I'll now execute this segment. Let me start by understanding the current test structure and the command handler modules.
--- tool: ToolSearch ---
--- tool: Glob ---
--- tool: Glob ---
--- tool: Bash ---
--- tool: Read ---
Good! The test file already exists with 83 tests covering various command handlers. Let me check the current test status and identify what additional coverage is needed.

**Cycle 1/6 - Phase 1: Build**
--- tool: Bash ---
Build passes. Moving to **Phase 2: Targeted tests**.
--- tool: Bash ---
All 86 tests pass! Now I need to add more tests to increase coverage. Let me examine the command handler files to identify untested code paths.
--- tool: Read ---
--- tool: Read ---
--- tool: Read ---
--- tool: Read ---
--- tool: Read ---
Now I'll add more comprehensive tests to increase coverage. I'll focus on untested code paths and error handling.
--- tool: Edit ---
--- tool: Bash ---
--- tool: Edit ---
--- tool: Edit ---
--- tool: Bash ---
--- tool: Edit ---
--- tool: Bash ---
**Cycle 1 complete: Added 17 new tests (86→103), all passing.**

Creating WIP checkpoint:
--- tool: Bash ---
**Phase 3: Regression tests**
--- tool: Bash ---
--- tool: ToolSearch ---
--- tool: TaskOutput ---
