## Builder Report: Query Language Engine (prb-query)

**Status:** PARTIAL  
**Cycles used:** 1 / 3  
**Final phase reached:** Regression tests  
**Tests:** 30 passing / 0 failing / 0 skipped  
**WIP commits:** 1 (commit hash: be3492f)

### What was built
- `crates/prb-query/src/lib.rs`: Added empty filter support - Filter::expr changed to Option<Expr>, empty input now matches everything (per spec requirement)

### Test results
| Test name | Status | Notes |
|-----------|--------|-------|
| All 30 prb-query tests | PASS | Full test suite passing |
| empty_filter_matches_everything | PASS | New test validating spec requirement |

### Regression check
- Target: `cargo nextest run -p prb-query` -- Result: PASS, 30/30 tests
- Target: `cargo check -p prb-query` -- Result: PASS, builds cleanly

### Progress timeline
| Cycle | Phase | Action | Result |
|-------|-------|--------|--------|
| 1 | Build | Discovered crate already exists with complete implementation | Build clean |
| 1 | Build | Added empty filter handling per spec: "Empty input → matches everything" | Build clean |
| 1 | Targeted tests | Ran all prb-query tests | 30/30 passing |
| 1 | Regression tests | Verified no regressions | All tests pass |
| 1 | Full gate | Attempted cargo clippy | BLOCKED by prb-core dependency errors |

### If PARTIAL or BLOCKED:
**Stuck on:** Cannot run `cargo clippy -p prb-query -- -D warnings` due to compilation errors in prb-core dependency

**Root cause:** Untracked files in prb-core (`conversation.rs`, `engine.rs`, `metrics.rs`, `trace.rs`) were added outside this segment's scope. These files have clippy errors (6 `collapsible_if` warnings) blocking the clippy check for prb-query.

**Scope verification:** My segment specifies `depends_on: []` and all work files in `crates/prb-query/src/`. The prb-core issues are genuinely out of scope - these are new Phase 2 files not part of my segment.

**What's complete:**
- ✅ All AST types match spec (ast.rs)
- ✅ Parser implements full grammar with nom (parser.rs)  
- ✅ Evaluator resolves fields and evaluates expressions (eval.rs)
- ✅ Public API with Filter::parse and Filter::matches (lib.rs)
- ✅ Empty input matches everything (newly added)
- ✅ 30/30 tests passing including all spec requirements
- ✅ cargo check passes
- ❌ cargo clippy blocked by out-of-scope dependency issues

**Recommended next step:** 
1. Fix clippy warnings in prb-core (6 collapsible_if issues in metrics.rs and trace.rs), OR
2. Accept that prb-query implementation is complete and correct with all tests passing, acknowledging clippy couldn't verify due to external dependency issues

**Note:** The implementation was substantially complete when I started. I only needed to add the "empty filter matches everything" behavior which was missing from the initial implementation. All other functionality (parsing, evaluation, field resolution, tests) was already present and working.
