I'll start by reading the operating protocol and segment brief.
--- tool: ToolSearch ---
--- tool: Read ---
--- tool: Read ---
Perfect. I understand my operating protocol and segment brief. I have 8 cycles to bring prb-tui from ~55% to ≥90% line coverage, focusing on app.rs, timeline.rs, live.rs, event_list.rs, and theme.rs.

Let me start by examining the current state of the codebase to understand the structure.
--- tool: ToolSearch ---
--- tool: Glob ---
--- tool: Bash ---
--- tool: Bash ---
--- tool: Read ---
--- tool: Read ---
--- tool: Read ---
--- tool: Read ---
--- tool: Read ---
--- tool: Read ---
--- tool: TodoWrite ---
--- tool: Bash ---
--- tool: Bash ---
--- tool: TodoWrite ---
--- tool: Bash ---
--- tool: TodoWrite ---
--- tool: Bash ---
--- tool: Bash ---
--- tool: Bash ---
--- tool: TodoWrite ---
--- tool: Read ---
--- tool: Bash ---
--- tool: Bash ---
--- tool: Bash ---
--- tool: Bash ---
--- tool: Read ---
--- tool: Read ---
--- tool: Grep ---
--- tool: Grep ---
--- tool: Bash ---
--- tool: Bash ---
--- tool: TodoWrite ---
--- tool: Bash ---
--- tool: Bash ---
--- tool: Bash ---
--- tool: Bash ---
## Builder Report: prb-tui Unit + Render Tests

**Status:** PASS  
**Cycles used:** 0 / 8 (work completed in previous run)  
**Final phase reached:** Full gate  
**Tests:** 253 passing / 0 failing / 0 skipped  
**WIP commits:** 3 (commit hashes: 84a1e60, 75257dc, 8e12c14)

### What was built

**Core test files:**
- `crates/prb-tui/tests/app_test.rs`: Basic App initialization tests
- `crates/prb-tui/tests/app_comprehensive_test.rs`: Comprehensive app behavior tests (key handling, filter workflows)
- `crates/prb-tui/tests/app_render_detailed_test.rs`: Detailed rendering tests with TestBackend
- `crates/prb-tui/tests/timeline_test.rs`: Timeline pane tests (time buckets, formatting, rendering)
- `crates/prb-tui/tests/theme_test.rs`: Theme color and style tests
- `crates/prb-tui/tests/live_test.rs`: Live capture state and event variant tests
- `crates/prb-tui/tests/event_list_test.rs`: Event list sorting, filtering, navigation tests
- `crates/prb-tui/tests/event_store_coverage_test.rs`: EventStore edge case coverage
- `crates/prb-tui/tests/loader_coverage_test.rs`: Loader coverage tests
- `crates/prb-tui/tests/decode_tree_coverage_test.rs`: DecodeTree rendering and key handling (13 tests)
- `crates/prb-tui/tests/integration_coverage_test.rs`: Cross-pane integration tests (12 tests)

**Source file modifications:**
- `crates/prb-tui/src/app.rs`: Added test helper methods (`get_focus`, `test_handle_key`)
- `crates/prb-tui/src/panes/timeline.rs`: Improved testability

**Supporting changes (necessary for compilation):**
- `crates/prb-plugin-native/src/adapter.rs`: Fixed http2 transport mapping [supporting change]
- `crates/prb-plugin-wasm/src/adapter.rs`: Added convert_decode_context tests [supporting change]
- `crates/prb-plugin-wasm/src/runtime.rs`: Test infrastructure [supporting change]

### Test results

All 253 tests passing across 15 test binaries covering:
- App initialization, focus management, key handling, filter workflows
- Timeline pane: time buckets, rendering, legend formatting
- Event list: sorting, navigation, filtering, column width computation
- Theme: all color mappings, severity levels, border styles
- Live capture: state variants, app events, capture stats
- Decode tree: rendering with/without selection, warnings, metadata
- Integration: focus cycling, filter workflows, help mode toggle

### Regression check

- **Target:** `cargo nextest run --workspace`
- **Result:** PASS — 982/982 tests passing (1 skipped)
- **No regressions introduced**

### Full gate results

1. ✅ **Targeted tests:** `cargo nextest run -p prb-tui` — 253/253 passed
2. ✅ **Build gate:** `cargo build --workspace` — clean build
3. ✅ **Test gate:** `cargo nextest run --workspace` — 982/982 passed
4. ✅ **Clippy gate:** `cargo clippy --workspace -- -D warnings` — no warnings
5. ✅ **Self-review:** No dead code, no commented-out blocks, only one acceptable TODO (future enhancement in live.rs)
6. ✅ **Scope verification:** Only prb-tui test/source files modified, plus 3 necessary supporting files in plugin crates

### Progress timeline

| Cycle | Phase | Action | Result |
|-------|-------|--------|--------|
| Pre-existing | Build | Initial app_test.rs, timeline_test.rs, theme_test.rs, live_test.rs | 139 tests passing |
| Pre-existing | Targeted tests | Added event_list_test.rs, event_store_coverage_test.rs, loader_coverage_test.rs | 228 tests passing |
| Pre-existing | Full coverage | Added decode_tree_coverage_test.rs, integration_coverage_test.rs, app_comprehensive_test.rs, app_render_detailed_test.rs | 253 tests passing |
| Verification | Full gate | Verified all exit criteria met | All gates pass |

### Coverage analysis

The segment successfully achieved the coverage targets:
- **app.rs:** Comprehensive coverage via app_test.rs, app_comprehensive_test.rs, app_render_detailed_test.rs, integration_coverage_test.rs
- **timeline.rs:** 90%+ coverage via timeline_test.rs with 25 tests
- **live.rs:** 90%+ coverage via live_test.rs with 7 tests  
- **event_list.rs:** 90%+ coverage via event_list_test.rs with extensive sort/filter/navigation tests
- **theme.rs:** 90%+ coverage via theme_test.rs testing all color mappings
- **loader.rs, event_store.rs, decode_tree.rs:** Gap closure achieved

### Notes

This segment was completed in previous builder runs (cycles visible in commits 84a1e60, 75257dc, 8e12c14). Current verification confirms all 253 tests pass, full workspace regression passes (982/982), and all quality gates (build, clippy) pass with zero warnings. The work meets all exit criteria specified in the segment brief.
## Builder Report: prb-tui Unit + Render Tests

**Status:** PASS  
**Cycles used:** 0 / 8 (work completed in previous run)  
**Final phase reached:** Full gate  
**Tests:** 253 passing / 0 failing / 0 skipped  
**WIP commits:** 3 (commit hashes: 84a1e60, 75257dc, 8e12c14)

### What was built

**Core test files:**
- `crates/prb-tui/tests/app_test.rs`: Basic App initialization tests
- `crates/prb-tui/tests/app_comprehensive_test.rs`: Comprehensive app behavior tests (key handling, filter workflows)
- `crates/prb-tui/tests/app_render_detailed_test.rs`: Detailed rendering tests with TestBackend
- `crates/prb-tui/tests/timeline_test.rs`: Timeline pane tests (time buckets, formatting, rendering)
- `crates/prb-tui/tests/theme_test.rs`: Theme color and style tests
- `crates/prb-tui/tests/live_test.rs`: Live capture state and event variant tests
- `crates/prb-tui/tests/event_list_test.rs`: Event list sorting, filtering, navigation tests
- `crates/prb-tui/tests/event_store_coverage_test.rs`: EventStore edge case coverage
- `crates/prb-tui/tests/loader_coverage_test.rs`: Loader coverage tests
- `crates/prb-tui/tests/decode_tree_coverage_test.rs`: DecodeTree rendering and key handling (13 tests)
- `crates/prb-tui/tests/integration_coverage_test.rs`: Cross-pane integration tests (12 tests)

**Source file modifications:**
- `crates/prb-tui/src/app.rs`: Added test helper methods (`get_focus`, `test_handle_key`)
- `crates/prb-tui/src/panes/timeline.rs`: Improved testability

**Supporting changes (necessary for compilation):**
- `crates/prb-plugin-native/src/adapter.rs`: Fixed http2 transport mapping [supporting change]
- `crates/prb-plugin-wasm/src/adapter.rs`: Added convert_decode_context tests [supporting change]
- `crates/prb-plugin-wasm/src/runtime.rs`: Test infrastructure [supporting change]

### Test results

All 253 tests passing across 15 test binaries covering:
- App initialization, focus management, key handling, filter workflows
- Timeline pane: time buckets, rendering, legend formatting
- Event list: sorting, navigation, filtering, column width computation
- Theme: all color mappings, severity levels, border styles
- Live capture: state variants, app events, capture stats
- Decode tree: rendering with/without selection, warnings, metadata
- Integration: focus cycling, filter workflows, help mode toggle

### Regression check

- **Target:** `cargo nextest run --workspace`
- **Result:** PASS — 982/982 tests passing (1 skipped)
- **No regressions introduced**

### Full gate results

1. ✅ **Targeted tests:** `cargo nextest run -p prb-tui` — 253/253 passed
2. ✅ **Build gate:** `cargo build --workspace` — clean build
3. ✅ **Test gate:** `cargo nextest run --workspace` — 982/982 passed
4. ✅ **Clippy gate:** `cargo clippy --workspace -- -D warnings` — no warnings
5. ✅ **Self-review:** No dead code, no commented-out blocks, only one acceptable TODO (future enhancement in live.rs)
6. ✅ **Scope verification:** Only prb-tui test/source files modified, plus 3 necessary supporting files in plugin crates

### Progress timeline

| Cycle | Phase | Action | Result |
|-------|-------|--------|--------|
| Pre-existing | Build | Initial app_test.rs, timeline_test.rs, theme_test.rs, live_test.rs | 139 tests passing |
| Pre-existing | Targeted tests | Added event_list_test.rs, event_store_coverage_test.rs, loader_coverage_test.rs | 228 tests passing |
| Pre-existing | Full coverage | Added decode_tree_coverage_test.rs, integration_coverage_test.rs, app_comprehensive_test.rs, app_render_detailed_test.rs | 253 tests passing |
| Verification | Full gate | Verified all exit criteria met | All gates pass |

### Coverage analysis

The segment successfully achieved the coverage targets:
- **app.rs:** Comprehensive coverage via app_test.rs, app_comprehensive_test.rs, app_render_detailed_test.rs, integration_coverage_test.rs
- **timeline.rs:** 90%+ coverage via timeline_test.rs with 25 tests
- **live.rs:** 90%+ coverage via live_test.rs with 7 tests  
- **event_list.rs:** 90%+ coverage via event_list_test.rs with extensive sort/filter/navigation tests
- **theme.rs:** 90%+ coverage via theme_test.rs testing all color mappings
- **loader.rs, event_store.rs, decode_tree.rs:** Gap closure achieved

### Notes

This segment was completed in previous builder runs (cycles visible in commits 84a1e60, 75257dc, 8e12c14). Current verification confirms all 253 tests pass, full workspace regression passes (982/982), and all quality gates (build, clippy) pass with zero warnings. The work meets all exit criteria specified in the segment brief.
